Tip Calculator/Tip Calculator/task/build/intermediates/manifest_merge_blame_file/release/manifest-merger-blame-release-report.txt
1<?xml version="1.0" encoding="utf-8"?>
2<manifest xmlns:android="http://schemas.android.com/apk/res/android"
3    package="org.hyperskill.calculator.tip"
4    android:versionCode="1"
5    android:versionName="1.0" >
6
7    <uses-sdk
8        android:minSdkVersion="20"
8-->src\main\AndroidManifest.xml
9        android:targetSdkVersion="29" />
9-->src\main\AndroidManifest.xml
10
11    <uses-permission android:name="android.permission.REORDER_TASKS" />
11-->[androidx.test:core:1.4.0] AndroidManifest.xml:24:5-72
11-->[androidx.test:core:1.4.0] AndroidManifest.xml:24:22-69
12
13    <application
13-->src\main\AndroidManifest.xml:5:3-20:17
14        android:allowBackup="true"
14-->src\main\AndroidManifest.xml:6:7-33
15        android:appComponentFactory="androidx.core.app.CoreComponentFactory"
15-->[androidx.core:core:1.6.0] AndroidManifest.xml:24:18-86
16        android:icon="@mipmap/ic_launcher"
16-->src\main\AndroidManifest.xml:7:7-41
17        android:label="@string/app_name"
17-->src\main\AndroidManifest.xml:8:7-39
18        android:roundIcon="@mipmap/ic_launcher_round"
18-->src\main\AndroidManifest.xml:9:7-52
19        android:supportsRtl="true"
19-->src\main\AndroidManifest.xml:10:7-33
20        android:theme="@style/AppTheme" >
20-->src\main\AndroidManifest.xml:11:7-38
21        <activity
21-->src\main\AndroidManifest.xml:12:5-19:16
22            android:name="org.hyperskill.calculator.tip.MainActivity"
22-->src\main\AndroidManifest.xml:12:15-72
23            android:exported="true" >
23-->src\main\AndroidManifest.xml:13:9-32
24            <intent-filter>
24-->src\main\AndroidManifest.xml:14:7-18:23
25                <action android:name="android.intent.action.MAIN" />
25-->src\main\AndroidManifest.xml:15:9-61
25-->src\main\AndroidManifest.xml:15:17-58
26
27                <category android:name="android.intent.category.LAUNCHER" />
27-->src\main\AndroidManifest.xml:17:9-69
27-->src\main\AndroidManifest.xml:17:19-66
28            </intent-filter>
29        </activity>
30        <activity
30-->[androidx.test:core:1.4.0] AndroidManifest.xml:27:9-34:20
31            android:name="androidx.test.core.app.InstrumentationActivityInvoker$BootstrapActivity"
31-->[androidx.test:core:1.4.0] AndroidManifest.xml:28:13-99
32            android:exported="true"
32-->[androidx.test:core:1.4.0] AndroidManifest.xml:29:13-36
33            android:theme="@android:style/Theme" >
33-->[androidx.test:core:1.4.0] AndroidManifest.xml:30:13-49
34            <intent-filter>
34-->[androidx.test:core:1.4.0] AndroidManifest.xml:31:13-33:29
35                <action android:name="android.intent.action.MAIN" />
35-->src\main\AndroidManifest.xml:15:9-61
35-->src\main\AndroidManifest.xml:15:17-58
36            </intent-filter>
37        </activity>
38        <activity
38-->[androidx.test:core:1.4.0] AndroidManifest.xml:35:9-42:20
39            android:name="androidx.test.core.app.InstrumentationActivityInvoker$EmptyActivity"
39-->[androidx.test:core:1.4.0] AndroidManifest.xml:36:13-95
40            android:exported="true"
40-->[androidx.test:core:1.4.0] AndroidManifest.xml:37:13-36
41            android:theme="@android:style/Theme" >
41-->[androidx.test:core:1.4.0] AndroidManifest.xml:38:13-49
42            <intent-filter>
42-->[androidx.test:core:1.4.0] AndroidManifest.xml:31:13-33:29
43                <action android:name="android.intent.action.MAIN" />
43-->src\main\AndroidManifest.xml:15:9-61
43-->src\main\AndroidManifest.xml:15:17-58
44            </intent-filter>
45        </activity>
46        <activity
46-->[androidx.test:core:1.4.0] AndroidManifest.xml:43:9-50:20
47            android:name="androidx.test.core.app.InstrumentationActivityInvoker$EmptyFloatingActivity"
47-->[androidx.test:core:1.4.0] AndroidManifest.xml:44:13-103
48            android:exported="true"
48-->[androidx.test:core:1.4.0] AndroidManifest.xml:45:13-36
49            android:theme="@android:style/Theme.Dialog" >
49-->[androidx.test:core:1.4.0] AndroidManifest.xml:46:13-56
50            <intent-filter>
50-->[androidx.test:core:1.4.0] AndroidManifest.xml:31:13-33:29
51                <action android:name="android.intent.action.MAIN" />
51-->src\main\AndroidManifest.xml:15:9-61
51-->src\main\AndroidManifest.xml:15:17-58
52            </intent-filter>
53        </activity>
54    </application>
55
56</manifest>